0 info it worked if it ends with ok
1 verbose cli [ 'node', '/usr/local/bin/npm', 'install', 'ios-sim', '-g' ]
2 info using npm@1.4.9
3 info using node@v0.10.28
4 verbose cache add [ 'ios-sim', null ]
5 verbose cache add name=undefined spec="ios-sim" args=["ios-sim",null]
6 verbose parsed url { protocol: null,
6 verbose parsed url   slashes: null,
6 verbose parsed url   auth: null,
6 verbose parsed url   host: null,
6 verbose parsed url   port: null,
6 verbose parsed url   hostname: null,
6 verbose parsed url   hash: null,
6 verbose parsed url   search: null,
6 verbose parsed url   query: null,
6 verbose parsed url   pathname: 'ios-sim',
6 verbose parsed url   path: 'ios-sim',
6 verbose parsed url   href: 'ios-sim' }
7 silly lockFile 6af69284-ios-sim ios-sim
8 verbose lock ios-sim /Users/cmidler/.npm/6af69284-ios-sim.lock
9 silly lockFile 6af69284-ios-sim ios-sim
10 silly lockFile 6af69284-ios-sim ios-sim
11 verbose addNamed [ 'ios-sim', '' ]
12 verbose addNamed [ null, '*' ]
13 silly lockFile 03dce7cc-ios-sim ios-sim@
14 verbose lock ios-sim@ /Users/cmidler/.npm/03dce7cc-ios-sim.lock
15 silly addNameRange { name: 'ios-sim', range: '*', hasData: false }
16 verbose url raw ios-sim
17 verbose url resolving [ 'https://registry.npmjs.org/', './ios-sim' ]
18 verbose url resolved https://registry.npmjs.org/ios-sim
19 info trying registry request attempt 1 at 16:00:59
20 http GET https://registry.npmjs.org/ios-sim
21 http 200 https://registry.npmjs.org/ios-sim
22 silly registry.get cb [ 200,
22 silly registry.get   { date: 'Tue, 10 Feb 2015 20:58:10 GMT',
22 silly registry.get     server: 'CouchDB/1.5.0 (Erlang OTP/R16B03)',
22 silly registry.get     etag: '"5N2I9S5HWR4XHX26339ANL7X5"',
22 silly registry.get     'content-type': 'application/json',
22 silly registry.get     'cache-control': 'max-age=60',
22 silly registry.get     'content-length': '16842',
22 silly registry.get     'accept-ranges': 'bytes',
22 silly registry.get     via: '1.1 varnish',
22 silly registry.get     age: '0',
22 silly registry.get     'x-served-by': 'cache-atl6220-ATL',
22 silly registry.get     'x-cache': 'HIT',
22 silly registry.get     'x-cache-hits': '1',
22 silly registry.get     'x-timer': 'S1423601890.693783,VS0,VE22',
22 silly registry.get     vary: 'Accept',
22 silly registry.get     'keep-alive': 'timeout=10, max=50',
22 silly registry.get     connection: 'Keep-Alive' } ]
23 silly addNameRange number 2 { name: 'ios-sim', range: '*', hasData: true }
24 silly addNameRange versions [ 'ios-sim',
24 silly addNameRange   [ '1.8.0',
24 silly addNameRange     '1.8.1',
24 silly addNameRange     '1.8.2',
24 silly addNameRange     '1.9.0',
24 silly addNameRange     '2.0.0',
24 silly addNameRange     '2.0.1',
24 silly addNameRange     '3.0.0',
24 silly addNameRange     '3.1.0',
24 silly addNameRange     '3.1.1',
24 silly addNameRange     '4.0.0',
24 silly addNameRange     '4.0.1' ] ]
25 verbose addNamed [ 'ios-sim', '3.1.1' ]
26 verbose addNamed [ '3.1.1', '3.1.1' ]
27 silly lockFile 022ac800-ios-sim-3-1-1 ios-sim@3.1.1
28 verbose lock ios-sim@3.1.1 /Users/cmidler/.npm/022ac800-ios-sim-3-1-1.lock
29 silly lockFile 94b6d454-js-org-ios-sim-ios-sim-3-1-1-tgz https://registry.npmjs.org/ios-sim/-/ios-sim-3.1.1.tgz
30 verbose lock https://registry.npmjs.org/ios-sim/-/ios-sim-3.1.1.tgz /Users/cmidler/.npm/94b6d454-js-org-ios-sim-ios-sim-3-1-1-tgz.lock
31 verbose addRemoteTarball [ 'https://registry.npmjs.org/ios-sim/-/ios-sim-3.1.1.tgz',
31 verbose addRemoteTarball   '1129c3fda31b917ef656b8c53fd276392b51c6e8' ]
32 info retry fetch attempt 1 at 16:00:59
33 verbose fetch to= /var/folders/m4/b19m4_hx0cv9w1ycd3080r4r0000gn/T/npm-43045-VGoqNNVd/1423602059375-0.4087692005559802/tmp.tgz
34 http GET https://registry.npmjs.org/ios-sim/-/ios-sim-3.1.1.tgz
35 http 200 https://registry.npmjs.org/ios-sim/-/ios-sim-3.1.1.tgz
36 verbose tar unpack /var/folders/m4/b19m4_hx0cv9w1ycd3080r4r0000gn/T/npm-43045-VGoqNNVd/1423602059375-0.4087692005559802/tmp.tgz
37 silly lockFile b88579f0-midler-npm-ios-sim-3-1-1-package tar:///Users/cmidler/.npm/ios-sim/3.1.1/package
38 verbose lock tar:///Users/cmidler/.npm/ios-sim/3.1.1/package /Users/cmidler/.npm/b88579f0-midler-npm-ios-sim-3-1-1-package.lock
39 silly lockFile b73385e5-59375-0-4087692005559802-tmp-tgz tar:///var/folders/m4/b19m4_hx0cv9w1ycd3080r4r0000gn/T/npm-43045-VGoqNNVd/1423602059375-0.4087692005559802/tmp.tgz
40 verbose lock tar:///var/folders/m4/b19m4_hx0cv9w1ycd3080r4r0000gn/T/npm-43045-VGoqNNVd/1423602059375-0.4087692005559802/tmp.tgz /Users/cmidler/.npm/b73385e5-59375-0-4087692005559802-tmp-tgz.lock
41 silly gunzTarPerm modes [ '755', '644' ]
42 silly gunzTarPerm extractEntry package.json
43 silly gunzTarPerm extractEntry .npmignore
44 silly gunzTarPerm extractEntry README.md
45 silly gunzTarPerm extractEntry LICENSE
46 silly gunzTarPerm extractEntry resources/buildbox/build.sh
47 silly gunzTarPerm extractEntry CoreSimulator/CoreSimulator.h
48 silly gunzTarPerm extractEntry CONTRIBUTING.md
49 silly gunzTarPerm extractEntry Rakefile
50 silly gunzTarPerm extractEntry Source/.npmignore
51 silly gunzTarPerm extractEntry Source/NSString+expandPath.h
52 silly gunzTarPerm extractEntry Source/NSString+expandPath.m
53 silly gunzTarPerm extractEntry Source/iPhoneSimulator.h
54 silly gunzTarPerm extractEntry Source/iPhoneSimulator.m
55 silly gunzTarPerm extractEntry Source/main.m
56 silly gunzTarPerm extractEntry Source/nsprintf.h
57 silly gunzTarPerm extractEntry Source/nsprintf.m
58 silly gunzTarPerm extractEntry Source/version.h
59 silly gunzTarPerm extractEntry ios-sim.xcodeproj/.npmignore
60 silly gunzTarPerm extractEntry ios-sim.xcodeproj/project.pbxproj
61 silly gunzTarPerm extractEntry ios-sim.xcodeproj/xcshareddata/xcschemes/ios-sim.xcscheme
62 silly gunzTarPerm extractEntry ios-sim_Prefix.pch
63 silly gunzTarPerm extractEntry DVTiPhoneSimulatorRemoteClient/DVTiPhoneSimulatorRemoteClient.h
64 silly gunzTarPerm extractEntry README.template.md
65 silly lockFile b88579f0-midler-npm-ios-sim-3-1-1-package tar:///Users/cmidler/.npm/ios-sim/3.1.1/package
66 silly lockFile b88579f0-midler-npm-ios-sim-3-1-1-package tar:///Users/cmidler/.npm/ios-sim/3.1.1/package
67 silly lockFile b73385e5-59375-0-4087692005559802-tmp-tgz tar:///var/folders/m4/b19m4_hx0cv9w1ycd3080r4r0000gn/T/npm-43045-VGoqNNVd/1423602059375-0.4087692005559802/tmp.tgz
68 silly lockFile b73385e5-59375-0-4087692005559802-tmp-tgz tar:///var/folders/m4/b19m4_hx0cv9w1ycd3080r4r0000gn/T/npm-43045-VGoqNNVd/1423602059375-0.4087692005559802/tmp.tgz
69 silly lockFile 94b6d454-js-org-ios-sim-ios-sim-3-1-1-tgz https://registry.npmjs.org/ios-sim/-/ios-sim-3.1.1.tgz
70 silly lockFile 94b6d454-js-org-ios-sim-ios-sim-3-1-1-tgz https://registry.npmjs.org/ios-sim/-/ios-sim-3.1.1.tgz
71 silly lockFile 022ac800-ios-sim-3-1-1 ios-sim@3.1.1
72 silly lockFile 022ac800-ios-sim-3-1-1 ios-sim@3.1.1
73 silly lockFile 03dce7cc-ios-sim ios-sim@
74 silly lockFile 03dce7cc-ios-sim ios-sim@
75 silly resolved [ { name: 'ios-sim',
75 silly resolved     version: '3.1.1',
75 silly resolved     description: 'launch iOS apps into the iOS Simulator from the command line (Xcode 6.0)',
75 silly resolved     main: 'ios-sim',
75 silly resolved     scripts: { preinstall: 'rake build' },
75 silly resolved     bin: { 'ios-sim': 'build/Release/ios-sim' },
75 silly resolved     repository: { type: 'git', url: 'https://github.com/phonegap/ios-sim' },
75 silly resolved     keywords: [ 'ios-sim', 'iOS Simulator' ],
75 silly resolved     author: { name: 'Landon Fuller, Jeff Haynie, Eloy Duran, Shazron Abdullah' },
75 silly resolved     license: 'MIT',
75 silly resolved     readme: 'ios-sim\n=======\n\nSupports Xcode 6 only since version 3.x.\n\nThe ios-sim tool is a command-line utility that launches an iOS application on\nthe iOS Simulator. This allows for niceties such as automated testing without\nhaving to open Xcode.\n\nFeatures\n--------\n\n* Choose the device family to simulate, i.e. iPhone or iPad. Run using "showdevicetypes" option to see available device types, and pass it in as the "devicetypeid" parameter.\n* Setup environment variables.\n* Pass arguments to the application.\n* See the stdout and stderr, or redirect them to files.\n\nSee the `--help` option for more info.\n\nUsage\n-----\n\n```\nUsage: ios-sim <command> <options> [--args ...]\n\nCommands:\n  showsdks                        List the available iOS SDK versions\n  showdevicetypes                 List the available device types (Xcode6+)\n  launch <application path>       Launch the application at the specified path on the iOS Simulator\n  start                           Launch iOS Simulator without an app\n\nOptions:\n  --version                       Print the version of ios-sim\n  --help                          Show this help text\n  --verbose                       Set the output level to verbose\n  --exit                          Exit after startup\n  --debug                         Attach LLDB to the application on startup\n  --use-gdb                       Use GDB instead of LLDB. (Requires --debug)\n  --uuid <uuid>                   A UUID identifying the session (is that correct?)\n  --env <environment file path>   A plist file containing environment key-value pairs that should be set\n  --setenv NAME=VALUE             Set an environment variable\n  --stdout <stdout file path>     The path where stdout of the simulator will be redirected to (defaults to stdout of ios-sim)\n  --stderr <stderr file path>     The path where stderr of the simulator will be redirected to (defaults to stderr of ios-sim)\n  --timeout <seconds>             The timeout time to wait for a response from the Simulator. Default value: 30 seconds\n  --args <...>                    All following arguments will be passed on to the application\n  --devicetypeid <device type>    The id of the device type that should be simulated (Xcode6+). Use \'showdevicetypes\' to list devices.\n                                  e.g "com.apple.CoreSimulator.SimDeviceType.Resizable-iPhone6, 8.0"\nDEPRECATED in 3.x, use devicetypeid instead:\n  --sdk <sdkversion>              The iOS SDK version to run the application on (defaults to the latest)\n  --family <device family>        The device type that should be simulated (defaults to `iphone\')\n  --retina                        Start a retina device\n  --tall                          In combination with --retina flag, start the tall version of the retina device (e.g. iPhone 5 (4-inch))\n  --64bit                         In combination with --retina flag and the --tall flag, start the 64bit version of the tall retina device (e.g. iPhone 5S (4-inch 64bit))\n```\n\nInstallation\n------------\n\nWith node.js (at least 0.10.20):\n\n    $ npm install ios-sim -g\n\nDownload an archive:\n\n    $ curl -L https://github.com/phonegap/ios-sim/zipball/3.1.1 -o ios-sim-3.1.1.zip\n    $ unzip ios-sim-3.1.1.zip\n\nOr from a git clone:\n\n    $ git clone git://github.com/phonegap/ios-sim.git\n\nThen build and install from the source root:\n\n    $ rake install prefix=/usr/local/\n\nTroubleshooting\n------------\n\nMake sure you enable Developer Mode on your machine:\n    \n    $ DevToolsSecurity -enable\n\nMake sure multiple instances of launchd_sim are not running:\n    \n    $ killall launchd_sim\n    \nDevelopment\n-----------\n\nWhen you want to release a version, do:\n\n    $ rake version:bump v=NEW_VERSION\n    $ rake release\n    $ npm version NEW_VERSION -m "Updated to npm version %s"\n    \ntmux\n-----\n\nTo get ios-sim to launch correctly within tmux use the reattach-to-user-namespace wrapper.\n\n```\nreattach-to-user-namespace ios-sim launch ./build/MyTestApp.app\n```\n*source:* https://github.com/ChrisJohnsen/tmux-MacOSX-pasteboard\n\n*brew:*  ```brew install reattach-to-user-namespace```\n\nLicense\n-------\n\nOriginal author: Landon Fuller <landonf@plausiblelabs.com>\nCopyright (c) 2008-2011 Plausible Labs Cooperative, Inc.\nAll rights reserved.\n\nThis project is available under the MIT license. See [LICENSE][license].\n\n[license]: https://github.com/phonegap/ios-sim/blob/master/LICENSE\n',
75 silly resolved     readmeFilename: 'README.md',
75 silly resolved     bugs: { url: 'https://github.com/phonegap/ios-sim/issues' },
75 silly resolved     homepage: 'https://github.com/phonegap/ios-sim',
75 silly resolved     _id: 'ios-sim@3.1.1',
75 silly resolved     _shasum: '1129c3fda31b917ef656b8c53fd276392b51c6e8',
75 silly resolved     _from: 'ios-sim@',
75 silly resolved     _resolved: 'https://registry.npmjs.org/ios-sim/-/ios-sim-3.1.1.tgz' } ]
76 info install ios-sim@3.1.1 into /usr/local/lib
77 info installOne ios-sim@3.1.1
78 info /usr/local/lib/node_modules/ios-sim unbuild
79 verbose tar unpack /Users/cmidler/.npm/ios-sim/3.1.1/package.tgz
80 silly lockFile 5027580f-r-local-lib-node-modules-ios-sim tar:///usr/local/lib/node_modules/ios-sim
81 verbose lock tar:///usr/local/lib/node_modules/ios-sim /Users/cmidler/.npm/5027580f-r-local-lib-node-modules-ios-sim.lock
82 silly lockFile 9c8cda60-er-npm-ios-sim-3-1-1-package-tgz tar:///Users/cmidler/.npm/ios-sim/3.1.1/package.tgz
83 verbose lock tar:///Users/cmidler/.npm/ios-sim/3.1.1/package.tgz /Users/cmidler/.npm/9c8cda60-er-npm-ios-sim-3-1-1-package-tgz.lock
84 silly gunzTarPerm modes [ '755', '644' ]
85 error Error: EACCES, mkdir '/usr/local/lib/node_modules/ios-sim'
85 error  { [Error: EACCES, mkdir '/usr/local/lib/node_modules/ios-sim']
85 error   errno: 3,
85 error   code: 'EACCES',
85 error   path: '/usr/local/lib/node_modules/ios-sim',
85 error   fstream_type: 'Directory',
85 error   fstream_path: '/usr/local/lib/node_modules/ios-sim',
85 error   fstream_class: 'DirWriter',
85 error   fstream_stack:
85 error    [ '/usr/local/lib/node_modules/npm/node_modules/fstream/lib/dir-writer.js:36:23',
85 error      '/usr/local/lib/node_modules/npm/node_modules/mkdirp/index.js:37:53',
85 error      'Object.oncomplete (fs.js:107:15)' ] }
86 error Please try running this command again as root/Administrator.
87 error System Darwin 14.1.0
88 error command "node" "/usr/local/bin/npm" "install" "ios-sim" "-g"
89 error cwd /Users/cmidler/Desktop/WhoYu/production/iOS
90 error node -v v0.10.28
91 error npm -v 1.4.9
92 error path /usr/local/lib/node_modules/ios-sim
93 error fstream_path /usr/local/lib/node_modules/ios-sim
94 error fstream_type Directory
95 error fstream_class DirWriter
96 error code EACCES
97 error errno 3
98 error stack Error: EACCES, mkdir '/usr/local/lib/node_modules/ios-sim'
99 error fstream_stack /usr/local/lib/node_modules/npm/node_modules/fstream/lib/dir-writer.js:36:23
99 error fstream_stack /usr/local/lib/node_modules/npm/node_modules/mkdirp/index.js:37:53
99 error fstream_stack Object.oncomplete (fs.js:107:15)
100 verbose exit [ 3, true ]
